  Texture2D.cpp
c:\users\100421055\desktop\infr 2310\assignment 2\assignment\src\ttk\texture2d.cpp(69): warning C4101: 'gl_texID': unreferenced local variable
  QuadMesh.cpp
  MeshBase.cpp
c:\users\100421055\desktop\infr 2310\assignment 2\assignment\src\ttk\meshbase.cpp(57): warning C4838: conversion from 'double' to 'float' requires a narrowing conversion
c:\users\100421055\desktop\infr 2310\assignment 2\assignment\src\ttk\meshbase.cpp(57): warning C4305: 'initializing': truncation from 'double' to 'float'
c:\users\100421055\desktop\infr 2310\assignment 2\assignment\src\ttk\meshbase.cpp(58): warning C4838: conversion from 'double' to 'float' requires a narrowing conversion
c:\users\100421055\desktop\infr 2310\assignment 2\assignment\src\ttk\meshbase.cpp(58): warning C4305: 'initializing': truncation from 'double' to 'float'
c:\users\100421055\desktop\infr 2310\assignment 2\assignment\src\ttk\meshbase.cpp(84): warning C4305: 'argument': truncation from 'double' to 'GLfloat'
  GraphicsUtils.cpp
c:\users\100421055\desktop\infr 2310\assignment 2\assignment\src\ttk\graphicsutils.cpp(19): warning C4244: '=': conversion from 'int' to 'float', possible loss of data
c:\users\100421055\desktop\infr 2310\assignment 2\assignment\src\ttk\graphicsutils.cpp(20): warning C4244: '=': conversion from 'int' to 'float', possible loss of data
c:\users\100421055\desktop\infr 2310\assignment 2\assignment\src\ttk\graphicsutils.cpp(37): warning C4244: 'argument': conversion from 'int' to 'GLfloat', possible loss of data
c:\users\100421055\desktop\infr 2310\assignment 2\assignment\src\ttk\graphicsutils.cpp(267): warning C4305: 'argument': truncation from 'double' to 'GLfloat'
c:\users\100421055\desktop\infr 2310\assignment 2\assignment\src\ttk\graphicsutils.cpp(289): warning C4305: 'argument': truncation from 'double' to 'GLfloat'
  PointHandle.cpp
c:\users\100421055\desktop\infr 2310\assignment 2\assignment\src\pointhandle.cpp(19): warning C4244: 'argument': conversion from 'float' to 'int', possible loss of data
  ParticleEmitter.cpp
c:\users\100421055\desktop\infr 2310\assignment 2\assignment\src\particleemitter.cpp(134): warning C4018: '<': signed/unsigned mismatch
  main.cpp
c:\users\100421055\desktop\infr 2310\assignment 2\assignment\include\ttk\camera.h(32): warning C4244: 'argument': conversion from 'float' to 'int', possible loss of data
c:\users\100421055\desktop\infr 2310\assignment 2\assignment\include\ttk\camera.h(45): warning C4244: 'initializing': conversion from 'int' to 'float', possible loss of data
c:\users\100421055\desktop\infr 2310\assignment 2\assignment\include\ttk\camera.h(46): warning C4244: 'initializing': conversion from 'int' to 'float', possible loss of data
c:\users\100421055\desktop\infr 2310\assignment 2\assignment\src\main.cpp(95): warning C4018: '<': signed/unsigned mismatch
c:\users\100421055\desktop\infr 2310\assignment 2\assignment\src\main.cpp(134): warning C4018: '<': signed/unsigned mismatch
c:\users\100421055\desktop\infr 2310\assignment 2\assignment\src\main.cpp(274): warning C4065: switch statement contains 'default' but no 'case' labels
c:\users\100421055\desktop\infr 2310\assignment 2\assignment\src\main.cpp(319): warning C4244: '=': conversion from 'int' to 'float', possible loss of data
c:\users\100421055\desktop\infr 2310\assignment 2\assignment\src\main.cpp(320): warning C4244: '=': conversion from 'int' to 'float', possible loss of data
c:\users\100421055\desktop\infr 2310\assignment 2\assignment\src\main.cpp(322): warning C4244: '=': conversion from 'int' to 'float', possible loss of data
c:\users\100421055\desktop\infr 2310\assignment 2\assignment\src\main.cpp(323): warning C4244: '=': conversion from 'int' to 'float', possible loss of data
c:\users\100421055\desktop\infr 2310\assignment 2\assignment\src\main.cpp(397): warning C4244: '=': conversion from 'int' to 'float', possible loss of data
c:\users\100421055\desktop\infr 2310\assignment 2\assignment\src\main.cpp(398): warning C4244: '=': conversion from 'int' to 'float', possible loss of data
c:\users\100421055\desktop\infr 2310\assignment 2\assignment\src\main.cpp(400): warning C4244: '=': conversion from 'int' to 'float', possible loss of data
c:\users\100421055\desktop\infr 2310\assignment 2\assignment\src\main.cpp(401): warning C4244: '=': conversion from 'int' to 'float', possible loss of data
c:\users\100421055\desktop\infr 2310\assignment 2\assignment\src\main.cpp(427): warning C4244: '=': conversion from 'int' to 'float', possible loss of data
c:\users\100421055\desktop\infr 2310\assignment 2\assignment\src\main.cpp(428): warning C4244: '=': conversion from 'int' to 'float', possible loss of data
c:\users\100421055\desktop\infr 2310\assignment 2\assignment\include\keyframecontroller.h(243): warning C4018: '<=': signed/unsigned mismatch
  c:\users\100421055\desktop\infr 2310\assignment 2\assignment\include\keyframecontroller.h(239): note: while compiling class template member function 'void KeyframeController<glm::vec3>::drawCatmull(void)'
  c:\users\100421055\desktop\infr 2310\assignment 2\assignment\src\main.cpp(131): note: see reference to function template instantiation 'void KeyframeController<glm::vec3>::drawCatmull(void)' being compiled
  c:\users\100421055\desktop\infr 2310\assignment 2\assignment\src\main.cpp(49): note: see reference to class template instantiation 'KeyframeController<glm::vec3>' being compiled
c:\users\100421055\desktop\infr 2310\assignment 2\assignment\include\keyframecontroller.h(257): warning C4305: 'initializing': truncation from 'double' to 'float'
c:\users\100421055\desktop\infr 2310\assignment 2\assignment\include\keyframecontroller.h(223): warning C4554: '&': check operator precedence for possible error; use parentheses to clarify precedence
  c:\users\100421055\desktop\infr 2310\assignment 2\assignment\include\keyframecontroller.h(214): note: while compiling class template member function 'glm::vec3 KeyframeController<glm::vec3>::doCatmull(float)'
  c:\users\100421055\desktop\infr 2310\assignment 2\assignment\include\keyframecontroller.h(73): note: see reference to function template instantiation 'glm::vec3 KeyframeController<glm::vec3>::doCatmull(float)' being compiled
  GameObject.cpp
  imgui_impl.cpp
  imgui_draw.cpp
  imgui_demo.cpp
  imgui.cpp
  Generating Code...
MSVCRTD.lib(initializers.obj) : warning LNK4098: defaultlib 'libcmt.lib' conflicts with use of other libs; use /NODEFAULTLIB:library
Texture2D.obj : warning LNK4049: locally defined symbol ___glewActiveTexture imported
freeglut_staticd.lib(fg_callbacks.obj) : warning LNK4099: PDB 'freeglut_static.pdb' was not found with 'freeglut_staticd.lib(fg_callbacks.obj)' or at 'C:\Users\100421055\Desktop\INFR 2310\Assignment 2\Assignment\Debug\freeglut_static.pdb'; linking object as if no debug info
freeglut_staticd.lib(fg_cursor.obj) : warning LNK4099: PDB 'freeglut_static.pdb' was not found with 'freeglut_staticd.lib(fg_cursor.obj)' or at 'C:\Users\100421055\Desktop\INFR 2310\Assignment 2\Assignment\Debug\freeglut_static.pdb'; linking object as if no debug info
freeglut_staticd.lib(fg_display.obj) : warning LNK4099: PDB 'freeglut_static.pdb' was not found with 'freeglut_staticd.lib(fg_display.obj)' or at 'C:\Users\100421055\Desktop\INFR 2310\Assignment 2\Assignment\Debug\freeglut_static.pdb'; linking object as if no debug info
freeglut_staticd.lib(fg_ext.obj) : warning LNK4099: PDB 'freeglut_static.pdb' was not found with 'freeglut_staticd.lib(fg_ext.obj)' or at 'C:\Users\100421055\Desktop\INFR 2310\Assignment 2\Assignment\Debug\freeglut_static.pdb'; linking object as if no debug info
freeglut_staticd.lib(fg_font_data.obj) : warning LNK4099: PDB 'freeglut_static.pdb' was not found with 'freeglut_staticd.lib(fg_font_data.obj)' or at 'C:\Users\100421055\Desktop\INFR 2310\Assignment 2\Assignment\Debug\freeglut_static.pdb'; linking object as if no debug info
freeglut_staticd.lib(fg_gamemode.obj) : warning LNK4099: PDB 'freeglut_static.pdb' was not found with 'freeglut_staticd.lib(fg_gamemode.obj)' or at 'C:\Users\100421055\Desktop\INFR 2310\Assignment 2\Assignment\Debug\freeglut_static.pdb'; linking object as if no debug info
freeglut_staticd.lib(fg_geometry.obj) : warning LNK4099: PDB 'freeglut_static.pdb' was not found with 'freeglut_staticd.lib(fg_geometry.obj)' or at 'C:\Users\100421055\Desktop\INFR 2310\Assignment 2\Assignment\Debug\freeglut_static.pdb'; linking object as if no debug info
freeglut_staticd.lib(fg_gl2.obj) : warning LNK4099: PDB 'freeglut_static.pdb' was not found with 'freeglut_staticd.lib(fg_gl2.obj)' or at 'C:\Users\100421055\Desktop\INFR 2310\Assignment 2\Assignment\Debug\freeglut_static.pdb'; linking object as if no debug info
freeglut_staticd.lib(fg_init.obj) : warning LNK4099: PDB 'freeglut_static.pdb' was not found with 'freeglut_staticd.lib(fg_init.obj)' or at 'C:\Users\100421055\Desktop\INFR 2310\Assignment 2\Assignment\Debug\freeglut_static.pdb'; linking object as if no debug info
freeglut_staticd.lib(fg_input_devices.obj) : warning LNK4099: PDB 'freeglut_static.pdb' was not found with 'freeglut_staticd.lib(fg_input_devices.obj)' or at 'C:\Users\100421055\Desktop\INFR 2310\Assignment 2\Assignment\Debug\freeglut_static.pdb'; linking object as if no debug info
freeglut_staticd.lib(fg_joystick.obj) : warning LNK4099: PDB 'freeglut_static.pdb' was not found with 'freeglut_staticd.lib(fg_joystick.obj)' or at 'C:\Users\100421055\Desktop\INFR 2310\Assignment 2\Assignment\Debug\freeglut_static.pdb'; linking object as if no debug info
freeglut_staticd.lib(fg_main.obj) : warning LNK4099: PDB 'freeglut_static.pdb' was not found with 'freeglut_staticd.lib(fg_main.obj)' or at 'C:\Users\100421055\Desktop\INFR 2310\Assignment 2\Assignment\Debug\freeglut_static.pdb'; linking object as if no debug info
freeglut_staticd.lib(fg_misc.obj) : warning LNK4099: PDB 'freeglut_static.pdb' was not found with 'freeglut_staticd.lib(fg_misc.obj)' or at 'C:\Users\100421055\Desktop\INFR 2310\Assignment 2\Assignment\Debug\freeglut_static.pdb'; linking object as if no debug info
freeglut_staticd.lib(fg_overlay.obj) : warning LNK4099: PDB 'freeglut_static.pdb' was not found with 'freeglut_staticd.lib(fg_overlay.obj)' or at 'C:\Users\100421055\Desktop\INFR 2310\Assignment 2\Assignment\Debug\freeglut_static.pdb'; linking object as if no debug info
freeglut_staticd.lib(fg_spaceball.obj) : warning LNK4099: PDB 'freeglut_static.pdb' was not found with 'freeglut_staticd.lib(fg_spaceball.obj)' or at 'C:\Users\100421055\Desktop\INFR 2310\Assignment 2\Assignment\Debug\freeglut_static.pdb'; linking object as if no debug info
freeglut_staticd.lib(fg_state.obj) : warning LNK4099: PDB 'freeglut_static.pdb' was not found with 'freeglut_staticd.lib(fg_state.obj)' or at 'C:\Users\100421055\Desktop\INFR 2310\Assignment 2\Assignment\Debug\freeglut_static.pdb'; linking object as if no debug info
freeglut_staticd.lib(fg_stroke_mono_roman.obj) : warning LNK4099: PDB 'freeglut_static.pdb' was not found with 'freeglut_staticd.lib(fg_stroke_mono_roman.obj)' or at 'C:\Users\100421055\Desktop\INFR 2310\Assignment 2\Assignment\Debug\freeglut_static.pdb'; linking object as if no debug info
freeglut_staticd.lib(fg_stroke_roman.obj) : warning LNK4099: PDB 'freeglut_static.pdb' was not found with 'freeglut_staticd.lib(fg_stroke_roman.obj)' or at 'C:\Users\100421055\Desktop\INFR 2310\Assignment 2\Assignment\Debug\freeglut_static.pdb'; linking object as if no debug info
freeglut_staticd.lib(fg_structure.obj) : warning LNK4099: PDB 'freeglut_static.pdb' was not found with 'freeglut_staticd.lib(fg_structure.obj)' or at 'C:\Users\100421055\Desktop\INFR 2310\Assignment 2\Assignment\Debug\freeglut_static.pdb'; linking object as if no debug info
freeglut_staticd.lib(fg_teapot.obj) : warning LNK4099: PDB 'freeglut_static.pdb' was not found with 'freeglut_staticd.lib(fg_teapot.obj)' or at 'C:\Users\100421055\Desktop\INFR 2310\Assignment 2\Assignment\Debug\freeglut_static.pdb'; linking object as if no debug info
freeglut_staticd.lib(fg_videoresize.obj) : warning LNK4099: PDB 'freeglut_static.pdb' was not found with 'freeglut_staticd.lib(fg_videoresize.obj)' or at 'C:\Users\100421055\Desktop\INFR 2310\Assignment 2\Assignment\Debug\freeglut_static.pdb'; linking object as if no debug info
freeglut_staticd.lib(fg_window.obj) : warning LNK4099: PDB 'freeglut_static.pdb' was not found with 'freeglut_staticd.lib(fg_window.obj)' or at 'C:\Users\100421055\Desktop\INFR 2310\Assignment 2\Assignment\Debug\freeglut_static.pdb'; linking object as if no debug info
freeglut_staticd.lib(fg_font.obj) : warning LNK4099: PDB 'freeglut_static.pdb' was not found with 'freeglut_staticd.lib(fg_font.obj)' or at 'C:\Users\100421055\Desktop\INFR 2310\Assignment 2\Assignment\Debug\freeglut_static.pdb'; linking object as if no debug info
freeglut_staticd.lib(fg_menu.obj) : warning LNK4099: PDB 'freeglut_static.pdb' was not found with 'freeglut_staticd.lib(fg_menu.obj)' or at 'C:\Users\100421055\Desktop\INFR 2310\Assignment 2\Assignment\Debug\freeglut_static.pdb'; linking object as if no debug info
freeglut_staticd.lib(fg_cursor_mswin.obj) : warning LNK4099: PDB 'freeglut_static.pdb' was not found with 'freeglut_staticd.lib(fg_cursor_mswin.obj)' or at 'C:\Users\100421055\Desktop\INFR 2310\Assignment 2\Assignment\Debug\freeglut_static.pdb'; linking object as if no debug info
freeglut_staticd.lib(fg_display_mswin.obj) : warning LNK4099: PDB 'freeglut_static.pdb' was not found with 'freeglut_staticd.lib(fg_display_mswin.obj)' or at 'C:\Users\100421055\Desktop\INFR 2310\Assignment 2\Assignment\Debug\freeglut_static.pdb'; linking object as if no debug info
freeglut_staticd.lib(fg_ext_mswin.obj) : warning LNK4099: PDB 'freeglut_static.pdb' was not found with 'freeglut_staticd.lib(fg_ext_mswin.obj)' or at 'C:\Users\100421055\Desktop\INFR 2310\Assignment 2\Assignment\Debug\freeglut_static.pdb'; linking object as if no debug info
freeglut_staticd.lib(fg_gamemode_mswin.obj) : warning LNK4099: PDB 'freeglut_static.pdb' was not found with 'freeglut_staticd.lib(fg_gamemode_mswin.obj)' or at 'C:\Users\100421055\Desktop\INFR 2310\Assignment 2\Assignment\Debug\freeglut_static.pdb'; linking object as if no debug info
freeglut_staticd.lib(fg_init_mswin.obj) : warning LNK4099: PDB 'freeglut_static.pdb' was not found with 'freeglut_staticd.lib(fg_init_mswin.obj)' or at 'C:\Users\100421055\Desktop\INFR 2310\Assignment 2\Assignment\Debug\freeglut_static.pdb'; linking object as if no debug info
freeglut_staticd.lib(fg_input_devices_mswin.obj) : warning LNK4099: PDB 'freeglut_static.pdb' was not found with 'freeglut_staticd.lib(fg_input_devices_mswin.obj)' or at 'C:\Users\100421055\Desktop\INFR 2310\Assignment 2\Assignment\Debug\freeglut_static.pdb'; linking object as if no debug info
freeglut_staticd.lib(fg_joystick_mswin.obj) : warning LNK4099: PDB 'freeglut_static.pdb' was not found with 'freeglut_staticd.lib(fg_joystick_mswin.obj)' or at 'C:\Users\100421055\Desktop\INFR 2310\Assignment 2\Assignment\Debug\freeglut_static.pdb'; linking object as if no debug info
freeglut_staticd.lib(fg_main_mswin.obj) : warning LNK4099: PDB 'freeglut_static.pdb' was not found with 'freeglut_staticd.lib(fg_main_mswin.obj)' or at 'C:\Users\100421055\Desktop\INFR 2310\Assignment 2\Assignment\Debug\freeglut_static.pdb'; linking object as if no debug info
freeglut_staticd.lib(fg_menu_mswin.obj) : warning LNK4099: PDB 'freeglut_static.pdb' was not found with 'freeglut_staticd.lib(fg_menu_mswin.obj)' or at 'C:\Users\100421055\Desktop\INFR 2310\Assignment 2\Assignment\Debug\freeglut_static.pdb'; linking object as if no debug info
freeglut_staticd.lib(fg_spaceball_mswin.obj) : warning LNK4099: PDB 'freeglut_static.pdb' was not found with 'freeglut_staticd.lib(fg_spaceball_mswin.obj)' or at 'C:\Users\100421055\Desktop\INFR 2310\Assignment 2\Assignment\Debug\freeglut_static.pdb'; linking object as if no debug info
freeglut_staticd.lib(fg_state_mswin.obj) : warning LNK4099: PDB 'freeglut_static.pdb' was not found with 'freeglut_staticd.lib(fg_state_mswin.obj)' or at 'C:\Users\100421055\Desktop\INFR 2310\Assignment 2\Assignment\Debug\freeglut_static.pdb'; linking object as if no debug info
freeglut_staticd.lib(fg_structure_mswin.obj) : warning LNK4099: PDB 'freeglut_static.pdb' was not found with 'freeglut_staticd.lib(fg_structure_mswin.obj)' or at 'C:\Users\100421055\Desktop\INFR 2310\Assignment 2\Assignment\Debug\freeglut_static.pdb'; linking object as if no debug info
freeglut_staticd.lib(fg_window_mswin.obj) : warning LNK4099: PDB 'freeglut_static.pdb' was not found with 'freeglut_staticd.lib(fg_window_mswin.obj)' or at 'C:\Users\100421055\Desktop\INFR 2310\Assignment 2\Assignment\Debug\freeglut_static.pdb'; linking object as if no debug info
freeglut_staticd.lib(xparsegeometry_repl.obj) : warning LNK4099: PDB 'freeglut_static.pdb' was not found with 'freeglut_staticd.lib(xparsegeometry_repl.obj)' or at 'C:\Users\100421055\Desktop\INFR 2310\Assignment 2\Assignment\Debug\freeglut_static.pdb'; linking object as if no debug info
glew32s.lib(glew.obj) : warning LNK4099: PDB 'vc120.pdb' was not found with 'glew32s.lib(glew.obj)' or at 'C:\Users\100421055\Desktop\INFR 2310\Assignment 2\Assignment\Debug\vc120.pdb'; linking object as if no debug info
  Tutorial 1.vcxproj -> C:\Users\100421055\Desktop\INFR 2310\Assignment 2\Assignment\Debug\Tutorial 6.exe
  Tutorial 1.vcxproj -> C:\Users\100421055\Desktop\INFR 2310\Assignment 2\Assignment\Debug\Tutorial 6.pdb (Partial PDB)
