c:\users\100421055\desktop\infr 2310\assignment 2\assignment\tutorial 1\debug\vc141.pdb
c:\users\100421055\desktop\infr 2310\assignment 2\assignment\tutorial 1\debug\vc141.idb
c:\users\100421055\desktop\infr 2310\assignment 2\assignment\tutorial 1\debug\imgui.obj
c:\users\100421055\desktop\infr 2310\assignment 2\assignment\tutorial 1\debug\imgui_demo.obj
c:\users\100421055\desktop\infr 2310\assignment 2\assignment\tutorial 1\debug\imgui_draw.obj
c:\users\100421055\desktop\infr 2310\assignment 2\assignment\tutorial 1\debug\imgui_impl.obj
c:\users\100421055\desktop\infr 2310\assignment 2\assignment\tutorial 1\debug\gameobject.obj
c:\users\100421055\desktop\infr 2310\assignment 2\assignment\tutorial 1\debug\main.obj
c:\users\100421055\desktop\infr 2310\assignment 2\assignment\tutorial 1\debug\particleemitter.obj
c:\users\100421055\desktop\infr 2310\assignment 2\assignment\tutorial 1\debug\pointhandle.obj
c:\users\100421055\desktop\infr 2310\assignment 2\assignment\tutorial 1\debug\graphicsutils.obj
c:\users\100421055\desktop\infr 2310\assignment 2\assignment\tutorial 1\debug\meshbase.obj
c:\users\100421055\desktop\infr 2310\assignment 2\assignment\tutorial 1\debug\quadmesh.obj
c:\users\100421055\desktop\infr 2310\assignment 2\assignment\tutorial 1\debug\texture2d.obj
c:\users\100421055\desktop\infr 2310\assignment 2\assignment\debug\tutorial 6.ilk
c:\users\100421055\desktop\infr 2310\assignment 2\assignment\debug\tutorial 6.exe
c:\users\100421055\desktop\infr 2310\assignment 2\assignment\debug\tutorial 6.pdb
c:\users\100421055\desktop\infr 2310\assignment 2\assignment\tutorial 1\debug\tutorial 6.tlog\cl.command.1.tlog
c:\users\100421055\desktop\infr 2310\assignment 2\assignment\tutorial 1\debug\tutorial 6.tlog\cl.read.1.tlog
c:\users\100421055\desktop\infr 2310\assignment 2\assignment\tutorial 1\debug\tutorial 6.tlog\cl.write.1.tlog
c:\users\100421055\desktop\infr 2310\assignment 2\assignment\tutorial 1\debug\tutorial 6.tlog\link.command.1.tlog
c:\users\100421055\desktop\infr 2310\assignment 2\assignment\tutorial 1\debug\tutorial 6.tlog\link.read.1.tlog
c:\users\100421055\desktop\infr 2310\assignment 2\assignment\tutorial 1\debug\tutorial 6.tlog\link.write.1.tlog
